D:\[PROG]\[PW3D]\MOTIONEDITING\BUILD\SRC\WINSKELETONTUNER\WINSKELETONTUNER.DIR\DEBUG\APPLIEDITING.OBJ
D:\[PROG]\[PW3D]\MOTIONEDITING\BUILD\SRC\WINSKELETONTUNER\WINSKELETONTUNER.DIR\DEBUG\MAIN.OBJ
D:\[PROG]\[PW3D]\MOTIONEDITING\BUILD\SRC\WINSKELETONTUNER\WINSKELETONTUNER.DIR\DEBUG\SKELETONTUNER.OBJ
D:\[PROG]\[PW3D]\MOTIONEDITING\BUILD\SRC\WINSKELETONTUNER\WINSKELETONTUNER.DIR\DEBUG\SKELETONTUNERAPP.OBJ
D:\[PROG]\[PW3D]\MOTIONEDITING\BIN\DEBUG\WINSKELETONTUNER.ILK
D:\[PROG]\[PW3D]\MOTIONEDITING\BIN\DEBUG\WINSKELETONTUNER.EXE
D:\[PROG]\[PW3D]\MOTIONEDITING\BUILD\SRC\WINSKELETONTUNER\WINSKELETONTUNER.DIR\DEBUG\WINSKELETONTUNER.EXE.INTERMEDIATE.MANIFEST
D:\[PROG]\[PW3D]\MOTIONEDITING\BIN\DEBUG\WINSKELETONTUNER.PDB
D:\[PROG]\[PW3D]\MOTIONEDITING\BUILD\SRC\WINSKELETONTUNER\WINSKELETONTUNER.DIR\DEBUG\WINSKELETONTUNER.EXE.EMBED.MANIFEST
D:\[PROG]\[PW3D]\MOTIONEDITING\BUILD\SRC\WINSKELETONTUNER\WINSKELETONTUNER.DIR\DEBUG\WINSKELETONTUNER.EXE.EMBED.MANIFEST.RES
D:\[prog]\[pw3d]\MotionEditing\build\src\WinSkeletonTuner\WinSkeletonTuner.dir\Debug\ResolveAssemblyReference.cache
D:\[prog]\[pw3d]\MotionEditing\build\src\WinSkeletonTuner\WinSkeletonTuner.dir\Debug\WinSkeletonTuner.vcxprojResolveAssemblyReference.cache
D:\[prog]\[pw3d]\MotionEditing\build\src\WinSkeletonTuner\WinSkeletonTuner.dir\Debug\AppliEditing.obj
D:\[prog]\[pw3d]\MotionEditing\build\src\WinSkeletonTuner\WinSkeletonTuner.dir\Debug\Main.obj
D:\[prog]\[pw3d]\MotionEditing\build\src\WinSkeletonTuner\WinSkeletonTuner.dir\Debug\SkeletonTuner.obj
D:\[prog]\[pw3d]\MotionEditing\build\src\WinSkeletonTuner\WinSkeletonTuner.dir\Debug\SkeletonTunerApp.obj
D:\[prog]\[pw3d]\MotionEditing\build\src\WinSkeletonTuner\WinSkeletonTuner.dir\Debug\cl.command.1.tlog
D:\[prog]\[pw3d]\MotionEditing\build\src\WinSkeletonTuner\WinSkeletonTuner.dir\Debug\CL.read.1.tlog
D:\[prog]\[pw3d]\MotionEditing\build\src\WinSkeletonTuner\WinSkeletonTuner.dir\Debug\CL.write.1.tlog
D:\[prog]\[pw3d]\MotionEditing\build\src\WinSkeletonTuner\WinSkeletonTuner.dir\Debug\link-cvtres.read.1.tlog
D:\[prog]\[pw3d]\MotionEditing\build\src\WinSkeletonTuner\WinSkeletonTuner.dir\Debug\link-cvtres.write.1.tlog
D:\[prog]\[pw3d]\MotionEditing\build\src\WinSkeletonTuner\WinSkeletonTuner.dir\Debug\link.10064-cvtres.read.1.tlog
D:\[prog]\[pw3d]\MotionEditing\build\src\WinSkeletonTuner\WinSkeletonTuner.dir\Debug\link.10064-cvtres.write.1.tlog
D:\[prog]\[pw3d]\MotionEditing\build\src\WinSkeletonTuner\WinSkeletonTuner.dir\Debug\link.10064.read.1.tlog
D:\[prog]\[pw3d]\MotionEditing\build\src\WinSkeletonTuner\WinSkeletonTuner.dir\Debug\link.10064.write.1.tlog
D:\[prog]\[pw3d]\MotionEditing\build\src\WinSkeletonTuner\WinSkeletonTuner.dir\Debug\link.1264-cvtres.read.1.tlog
D:\[prog]\[pw3d]\MotionEditing\build\src\WinSkeletonTuner\WinSkeletonTuner.dir\Debug\link.1264-cvtres.write.1.tlog
D:\[prog]\[pw3d]\MotionEditing\build\src\WinSkeletonTuner\WinSkeletonTuner.dir\Debug\link.1264.read.1.tlog
D:\[prog]\[pw3d]\MotionEditing\build\src\WinSkeletonTuner\WinSkeletonTuner.dir\Debug\link.1264.write.1.tlog
D:\[prog]\[pw3d]\MotionEditing\build\src\WinSkeletonTuner\WinSkeletonTuner.dir\Debug\link.4472-cvtres.read.1.tlog
D:\[prog]\[pw3d]\MotionEditing\build\src\WinSkeletonTuner\WinSkeletonTuner.dir\Debug\link.4472-cvtres.write.1.tlog
D:\[prog]\[pw3d]\MotionEditing\build\src\WinSkeletonTuner\WinSkeletonTuner.dir\Debug\link.4472.read.1.tlog
D:\[prog]\[pw3d]\MotionEditing\build\src\WinSkeletonTuner\WinSkeletonTuner.dir\Debug\link.4472.write.1.tlog
D:\[prog]\[pw3d]\MotionEditing\build\src\WinSkeletonTuner\WinSkeletonTuner.dir\Debug\link.5508-cvtres.read.1.tlog
D:\[prog]\[pw3d]\MotionEditing\build\src\WinSkeletonTuner\WinSkeletonTuner.dir\Debug\link.5508-cvtres.write.1.tlog
D:\[prog]\[pw3d]\MotionEditing\build\src\WinSkeletonTuner\WinSkeletonTuner.dir\Debug\link.5508.read.1.tlog
D:\[prog]\[pw3d]\MotionEditing\build\src\WinSkeletonTuner\WinSkeletonTuner.dir\Debug\link.5508.write.1.tlog
D:\[prog]\[pw3d]\MotionEditing\build\src\WinSkeletonTuner\WinSkeletonTuner.dir\Debug\link.6708-cvtres.read.1.tlog
D:\[prog]\[pw3d]\MotionEditing\build\src\WinSkeletonTuner\WinSkeletonTuner.dir\Debug\link.6708-cvtres.write.1.tlog
D:\[prog]\[pw3d]\MotionEditing\build\src\WinSkeletonTuner\WinSkeletonTuner.dir\Debug\link.6708.read.1.tlog
D:\[prog]\[pw3d]\MotionEditing\build\src\WinSkeletonTuner\WinSkeletonTuner.dir\Debug\link.6708.write.1.tlog
D:\[prog]\[pw3d]\MotionEditing\build\src\WinSkeletonTuner\WinSkeletonTuner.dir\Debug\link.6832-cvtres.read.1.tlog
D:\[prog]\[pw3d]\MotionEditing\build\src\WinSkeletonTuner\WinSkeletonTuner.dir\Debug\link.6832-cvtres.write.1.tlog
D:\[prog]\[pw3d]\MotionEditing\build\src\WinSkeletonTuner\WinSkeletonTuner.dir\Debug\link.6832.read.1.tlog
D:\[prog]\[pw3d]\MotionEditing\build\src\WinSkeletonTuner\WinSkeletonTuner.dir\Debug\link.6832.write.1.tlog
D:\[prog]\[pw3d]\MotionEditing\build\src\WinSkeletonTuner\WinSkeletonTuner.dir\Debug\link.6972-cvtres.read.1.tlog
D:\[prog]\[pw3d]\MotionEditing\build\src\WinSkeletonTuner\WinSkeletonTuner.dir\Debug\link.6972-cvtres.write.1.tlog
D:\[prog]\[pw3d]\MotionEditing\build\src\WinSkeletonTuner\WinSkeletonTuner.dir\Debug\link.6972.read.1.tlog
D:\[prog]\[pw3d]\MotionEditing\build\src\WinSkeletonTuner\WinSkeletonTuner.dir\Debug\link.6972.write.1.tlog
D:\[prog]\[pw3d]\MotionEditing\build\src\WinSkeletonTuner\WinSkeletonTuner.dir\Debug\link.8040-cvtres.read.1.tlog
D:\[prog]\[pw3d]\MotionEditing\build\src\WinSkeletonTuner\WinSkeletonTuner.dir\Debug\link.8040-cvtres.write.1.tlog
D:\[prog]\[pw3d]\MotionEditing\build\src\WinSkeletonTuner\WinSkeletonTuner.dir\Debug\link.8040.read.1.tlog
D:\[prog]\[pw3d]\MotionEditing\build\src\WinSkeletonTuner\WinSkeletonTuner.dir\Debug\link.8040.write.1.tlog
D:\[prog]\[pw3d]\MotionEditing\build\src\WinSkeletonTuner\WinSkeletonTuner.dir\Debug\link.8200-cvtres.read.1.tlog
D:\[prog]\[pw3d]\MotionEditing\build\src\WinSkeletonTuner\WinSkeletonTuner.dir\Debug\link.8200-cvtres.write.1.tlog
D:\[prog]\[pw3d]\MotionEditing\build\src\WinSkeletonTuner\WinSkeletonTuner.dir\Debug\link.8200.read.1.tlog
D:\[prog]\[pw3d]\MotionEditing\build\src\WinSkeletonTuner\WinSkeletonTuner.dir\Debug\link.8200.write.1.tlog
D:\[prog]\[pw3d]\MotionEditing\build\src\WinSkeletonTuner\WinSkeletonTuner.dir\Debug\link.9248-cvtres.read.1.tlog
D:\[prog]\[pw3d]\MotionEditing\build\src\WinSkeletonTuner\WinSkeletonTuner.dir\Debug\link.9248-cvtres.write.1.tlog
D:\[prog]\[pw3d]\MotionEditing\build\src\WinSkeletonTuner\WinSkeletonTuner.dir\Debug\link.9248.read.1.tlog
D:\[prog]\[pw3d]\MotionEditing\build\src\WinSkeletonTuner\WinSkeletonTuner.dir\Debug\link.9248.write.1.tlog
D:\[prog]\[pw3d]\MotionEditing\build\src\WinSkeletonTuner\WinSkeletonTuner.dir\Debug\link.command.1.tlog
D:\[prog]\[pw3d]\MotionEditing\build\src\WinSkeletonTuner\WinSkeletonTuner.dir\Debug\link.read.1.tlog
D:\[prog]\[pw3d]\MotionEditing\build\src\WinSkeletonTuner\WinSkeletonTuner.dir\Debug\link.write.1.tlog
D:\[prog]\[pw3d]\MotionEditing\build\src\WinSkeletonTuner\WinSkeletonTuner.dir\Debug\mt.command.1.tlog
D:\[prog]\[pw3d]\MotionEditing\build\src\WinSkeletonTuner\WinSkeletonTuner.dir\Debug\mt.read.1.tlog
D:\[prog]\[pw3d]\MotionEditing\build\src\WinSkeletonTuner\WinSkeletonTuner.dir\Debug\mt.write.1.tlog
D:\[prog]\[pw3d]\MotionEditing\build\src\WinSkeletonTuner\WinSkeletonTuner.dir\Debug\rc.command.1.tlog
D:\[prog]\[pw3d]\MotionEditing\build\src\WinSkeletonTuner\WinSkeletonTuner.dir\Debug\rc.read.1.tlog
D:\[prog]\[pw3d]\MotionEditing\build\src\WinSkeletonTuner\WinSkeletonTuner.dir\Debug\rc.write.1.tlog
D:\[prog]\[pw3d]\MotionEditing\build\src\WinSkeletonTuner\WinSkeletonTuner.dir\Debug\WinSkeletonTuner.write.1.tlog
D:\[prog]\[pw3d]\MotionEditing\build\src\WinSkeletonTuner\WinSkeletonTuner.dir\Debug\WinSkeletonTuner.exe.embed.manifest
D:\[prog]\[pw3d]\MotionEditing\build\src\WinSkeletonTuner\WinSkeletonTuner.dir\Debug\WinSkeletonTuner.exe.intermediate.manifest
D:\[prog]\[pw3d]\MotionEditing\build\src\WinSkeletonTuner\WinSkeletonTuner.dir\Debug\WinSkeletonTuner.exe.embed.manifest.res
D:\[prog]\[pw3d]\MotionEditing\build\src\WinSkeletonTuner\WinSkeletonTuner.dir\Debug\WinSkeletonTuner_manifest.rc
D:\[prog]\[pw3d]\MotionEditing\bin\Debug\WinSkeletonTuner.pdb
D:\[prog]\[pw3d]\MotionEditing\bin\Debug\WinSkeletonTuner.exe
D:\[prog]\[pw3d]\MotionEditing\bin\Debug\WinSkeletonTuner.ilk
